[debug] [2026-04-14T02:43:02.276Z] ----------------------------------------------------------------------
[debug] [2026-04-14T02:43:02.279Z] Command:       C:\Program Files\nodejs\node.exe C:\Users\cabba\AppData\Roaming\npm\node_modules\firebase-tools\lib\bin\firebase.js deploy --only hosting
[debug] [2026-04-14T02:43:02.279Z] CLI Version:   14.26.0
[debug] [2026-04-14T02:43:02.279Z] Platform:      win32
[debug] [2026-04-14T02:43:02.279Z] Node Version:  v24.11.1
[debug] [2026-04-14T02:43:02.279Z] Time:          Mon Apr 13 2026 22:43:02 GMT-0400 (Eastern Daylight Time)
[debug] [2026-04-14T02:43:02.279Z] ----------------------------------------------------------------------
[debug] 
[debug] [2026-04-14T02:43:02.455Z] > command requires scopes: ["email","openid","https://www.googleapis.com/auth/cloudplatformprojects.readonly","https://www.googleapis.com/auth/firebase","https://www.googleapis.com/auth/cloud-platform"]
[debug] [2026-04-14T02:43:02.455Z] > authorizing via signed-in user (cabbagezilla@gmail.com)
[debug] [2026-04-14T02:43:02.455Z] [iam] checking project prismflow-911fe for permissions ["firebase.projects.get","firebasehosting.sites.update"]
[debug] [2026-04-14T02:43:02.456Z] Checked if tokens are valid: true, expires at: 1776137985704
[debug] [2026-04-14T02:43:02.456Z] Checked if tokens are valid: true, expires at: 1776137985704
[debug] [2026-04-14T02:43:02.457Z] >>> [apiv2][query] POST https://cloudresourcemanager.googleapis.com/v1/projects/prismflow-911fe:testIamPermissions [none]
[debug] [2026-04-14T02:43:02.457Z] >>> [apiv2][(partial)header] POST https://cloudresourcemanager.googleapis.com/v1/projects/prismflow-911fe:testIamPermissions x-goog-quota-user=projects/prismflow-911fe
[debug] [2026-04-14T02:43:02.457Z] >>> [apiv2][body] POST https://cloudresourcemanager.googleapis.com/v1/projects/prismflow-911fe:testIamPermissions {"permissions":["firebase.projects.get","firebasehosting.sites.update"]}
[debug] [2026-04-14T02:43:02.831Z] <<< [apiv2][status] POST https://cloudresourcemanager.googleapis.com/v1/projects/prismflow-911fe:testIamPermissions 200
[debug] [2026-04-14T02:43:02.832Z] <<< [apiv2][body] POST https://cloudresourcemanager.googleapis.com/v1/projects/prismflow-911fe:testIamPermissions {"permissions":["firebase.projects.get","firebasehosting.sites.update"]}
[debug] [2026-04-14T02:43:02.833Z] Checked if tokens are valid: true, expires at: 1776137985704
[debug] [2026-04-14T02:43:02.833Z] Checked if tokens are valid: true, expires at: 1776137985704
[debug] [2026-04-14T02:43:02.833Z] >>> [apiv2][query] GET https://firebase.googleapis.com/v1beta1/projects/prismflow-911fe [none]
