Building and packaging Windows installer...
Note: Installer will request administrator privileges on launch


> alloflow-admin@0.2.0 dist-win
> npm run build && electron-builder --win nsis --publish never


> alloflow-admin@0.2.0 build
> react-scripts build

Creating an optimized production build...
Compiled with warnings.

[eslint] 
src\components\UpdateNotification.jsx
  Line 2:49:  'RefreshCw' is defined but never used                       no-unused-vars
  Line 85:9:  'handleCheckForUpdates' is assigned a value but never used  no-unused-vars

src\pages\Deploy.jsx
  Line 2:38:  'ChevronDown' is defined but never used  no-unused-vars
  Line 2:51:  'ChevronUp' is defined but never used    no-unused-vars

src\setup\SetupWizard.jsx
  Line 46:6:  React Hook useEffect has missing dependencies: 'config.gpuType' and 'config.serverIp'. Either include them or remove the dependency array                           react-hooks/exhaustive-deps
  Line 90:6:  React Hook useEffect has a missing dependency: 'config.aiBackend'. Either include it or remove the dependency array                                                 react-hooks/exhaustive-deps
  Line 97:6:  React Hook useEffect has missing dependencies: 'config.aiBackend', 'config.gpuDetecting', and 'config.gpuType'. Either include them or remove the dependency array  react-hooks/exhaustive-deps

Search for the keywords to learn more about each warning.
To ignore, add // eslint-disable-next-line to the line before.

File sizes after gzip:

  65.12 kB  build\static\js\main.d5475c10.js
  1.39 kB   build\static\css\main.1d1f327a.css

The project was built assuming it is hosted at ./.
You can control this with the homepage field in your package.json.

The build folder is ready to be deployed.

Find out more about deployment here:

  https://cra.link/deployment

  ΓÇó electron-builder  version=24.13.3 os=10.0.22621
  ΓÇó loaded configuration  file=C:\Users\Tyler\AlloFlow\admin\electron-builder.yml
  ΓÇó public/electron.js not found. Please see https://medium.com/@kitze/%EF%B8%8F-from-react-to-an-electron-app-ready-for-production-a0468ecb1da3
  ΓÇó loaded parent configuration  preset=react-cra
  ΓÇó packaging       platform=win32 arch=x64 electron=27.3.11 appOutDir=dist\win-unpacked
  Γ¿» C:\Users\Tyler\AlloFlow\docker\.dockerignore must be under C:\Users\Tyler\AlloFlow\admin\  failedTask=build stackTrace=Error: C:\Users\Tyler\AlloFlow\docker\.dockerignore must be under C:\Users\Tyler\AlloFlow\admin\
    at getRelativePath (C:\Users\Tyler\AlloFlow\admin\node_modules\app-builder-lib\src\util\filter.ts:32:13)
    at AsarPackager.unpackPattern (C:\Users\Tyler\AlloFlow\admin\node_modules\app-builder-lib\src\util\filter.ts:57:22)
    at AsarPackager.createPackageFromFiles (C:\Users\Tyler\AlloFlow\admin\node_modules\app-builder-lib\src\asar\asarUtil.ts:122:82)
    at processTicksAndRejections (node:internal/process/task_queues:104:5)
    at AsarPackager.pack (C:\Users\Tyler\AlloFlow\admin\node_modules\app-builder-lib\src\asar\asarUtil.ts:42:41)
    at C:\Users\Tyler\AlloFlow\admin\node_modules\app-builder-lib\src\platformPackager.ts:429:11
    at async Promise.all (index 0)
    at AsyncTaskManager.awaitTasks (C:\Users\Tyler\AlloFlow\admin\node_modules\builder-util\src\asyncTaskManager.ts:65:25)
    at WinPackager.doPack (C:\Users\Tyler\AlloFlow\admin\node_modules\app-builder-lib\src\platformPackager.ts:283:5)
    at WinPackager.pack (C:\Users\Tyler\AlloFlow\admin\node_modules\app-builder-lib\src\platformPackager.ts:140:5)
    at Packager.doBuild (C:\Users\Tyler\AlloFlow\admin\node_modules\app-builder-lib\src\packager.ts:445:9)
    at executeFinally (C:\Users\Tyler\AlloFlow\admin\node_modules\builder-util\src\promise.ts:12:14)
    at Packager._build (C:\Users\Tyler\AlloFlow\admin\node_modules\app-builder-lib\src\packager.ts:379:31)
    at Packager.build (C:\Users\Tyler\AlloFlow\admin\node_modules\app-builder-lib\src\packager.ts:340:12)
    at executeFinally (C:\Users\Tyler\AlloFlow\admin\node_modules\builder-util\src\promise.ts:12:14)
Build/packaging failed
