Building and packaging Windows installer...
Note: Installer will request administrator privileges on launch


> alloflow-admin@0.2.0 dist-win
> npm run build && electron-builder --win nsis --publish never


> alloflow-admin@0.2.0 build
> react-scripts build

Creating an optimized production build...
Compiled with warnings.

[eslint] 
src\components\UpdateNotification.jsx
  Line 2:49:  'RefreshCw' is defined but never used                       no-unused-vars
  Line 85:9:  'handleCheckForUpdates' is assigned a value but never used  no-unused-vars

src\pages\Deploy.jsx
  Line 2:38:  'ChevronDown' is defined but never used  no-unused-vars
  Line 2:51:  'ChevronUp' is defined but never used    no-unused-vars

src\setup\SetupWizard.jsx
  Line 45:6:  React Hook useEffect has missing dependencies: 'config.gpuType' and 'config.serverIp'. Either include them or remove the dependency array                           react-hooks/exhaustive-deps
  Line 77:6:  React Hook useEffect has a missing dependency: 'config.aiBackend'. Either include it or remove the dependency array                                                 react-hooks/exhaustive-deps
  Line 84:6:  React Hook useEffect has missing dependencies: 'config.aiBackend', 'config.gpuDetecting', and 'config.gpuType'. Either include them or remove the dependency array  react-hooks/exhaustive-deps

Search for the keywords to learn more about each warning.
To ignore, add // eslint-disable-next-line to the line before.

File sizes after gzip:

  64.74 kB  build\static\js\main.f398db4d.js
  1.39 kB   build\static\css\main.1d1f327a.css

The project was built assuming it is hosted at ./.
You can control this with the homepage field in your package.json.

The build folder is ready to be deployed.

Find out more about deployment here:

  https://cra.link/deployment

  ΓÇó electron-builder  version=24.13.3 os=10.0.22621
  ΓÇó loaded configuration  file=C:\Users\Tyler\AlloFlow\admin\electron-builder.yml
  ΓÇó public/electron.js not found. Please see https://medium.com/@kitze/%EF%B8%8F-from-react-to-an-electron-app-ready-for-production-a0468ecb1da3
  ΓÇó loaded parent configuration  preset=react-cra
  ΓÇó packaging       platform=win32 arch=x64 electron=27.3.11 appOutDir=dist\win-unpacked
  ΓÇó default Electron icon is used  reason=application icon is not set
  ΓÇó building        target=nsis file=dist\AlloFlow Admin Setup 0.2.0.exe archs=x64 oneClick=false perMachine=true
  Γ¿» C:\Users\Tyler\AppData\Local\electron-builder\Cache\nsis\nsis-3.0.4.1\Bin\makensis.exe process failed ERR_ELECTRON_BUILDER_CANNOT_EXECUTE
Exit code:
1
Output:
Command line defined: "APP_ID=com.alloflow.admin"
Command line defined: "APP_GUID=b8f91e27-2185-52a7-b7cf-3bf089590c60"
Command line defined: "UNINSTALL_APP_KEY=b8f91e27-2185-52a7-b7cf-3bf089590c60"
Command line defined: "PRODUCT_NAME=AlloFlow Admin"
Command line defined: "PRODUCT_FILENAME=AlloFlow Admin"
Command line defined: "APP_FILENAME=AlloFlow Admin"
Command line defined: "APP_DESCRIPTION=AlloFlow Admin Center ∩┐╜ manage local AI stack across buildings"
Command line defined: "VERSION=0.2.0"
Command line defined: "PROJECT_DIR=C:\Users\Tyler\AlloFlow\admin"
Command line defined: "BUILD_RESOURCES_DIR=C:\Users\Tyler\AlloFlow\admin\assets"
Command line defined: "APP_PACKAGE_NAME=alloflow-admin"
Command line defined: "APP_64=C:\Users\Tyler\AlloFlow\admin\dist\alloflow-admin-0.2.0-x64.nsis.7z"
Command line defined: "APP_64_NAME=alloflow-admin-0.2.0-x64.nsis.7z"
Command line defined: "APP_64_HASH=41A077F9E211528D9875228A14067A31CB0F5527258358050AFB0A9EAD7B5B64F83C72F6A4AE2623774809C712726DA8747CF9985881CD8C868ED69FA7997DE6"
Command line defined: "APP_64_UNPACKED_SIZE=282399"
Command line defined: "COMPANY_NAME=AlloFlow Contributors"
Command line defined: "APP_INSTALLER_STORE_FILE=alloflow-admin-updater\installer.exe"
Command line defined: "COMPRESSION_METHOD=7z"
Command line defined: "MULTIUSER_INSTALLMODE_ALLOW_ELEVATION"
Command line defined: "INSTALL_MODE_PER_ALL_USERS"
Command line defined: "INSTALL_MODE_PER_ALL_USERS_REQUIRED"
Command line defined: "allowToChangeInstallationDirectory"
Command line defined: "MENU_FILENAME=AlloFlow Contributors"
Command line defined: "SHORTCUT_NAME=AlloFlow Admin"
Command line defined: "UNINSTALL_DISPLAY_NAME=AlloFlow Admin 0.2.0"
Command line defined: "DISPLAY_LANG_SELECTOR"
Command line defined: "MUI_WELCOMEFINISHPAGE_BITMAP=${NSISDIR}\Contrib\Graphics\Wizard\nsis3-metro.bmp"
Command line defined: "MUI_UNWELCOMEFINISHPAGE_BITMAP=${NSISDIR}\Contrib\Graphics\Wizard\nsis3-metro.bmp"
Command line defined: "ESTIMATED_SIZE=282399"
Command line defined: "COMPRESS=auto"
Command line defined: "BUILD_UNINSTALLER"
Command line defined: "UNINSTALLER_OUT_FILE=C:\Users\Tyler\AlloFlow\admin\dist\__uninstaller-nsis-alloflow-admin.exe"
Processing config: C:\Users\Tyler\AppData\Local\electron-builder\Cache\nsis\nsis-3.0.4.1\nsisconf.nsh
Processing script file: "<stdin>" (UTF8)

Error output:
Invalid command: "${If}"
!include: error in script: "C:\Users\Tyler\AlloFlow\admin\assets\installer.nsh" on line 11
Error in script "<stdin>" on line 75 -- aborting creation process
  failedTask=build stackTrace=Error: C:\Users\Tyler\AppData\Local\electron-builder\Cache\nsis\nsis-3.0.4.1\Bin\makensis.exe process failed ERR_ELECTRON_BUILDER_CANNOT_EXECUTE
Exit code:
1
Output:
Command line defined: "APP_ID=com.alloflow.admin"
Command line defined: "APP_GUID=b8f91e27-2185-52a7-b7cf-3bf089590c60"
Command line defined: "UNINSTALL_APP_KEY=b8f91e27-2185-52a7-b7cf-3bf089590c60"
Command line defined: "PRODUCT_NAME=AlloFlow Admin"
Command line defined: "PRODUCT_FILENAME=AlloFlow Admin"
Command line defined: "APP_FILENAME=AlloFlow Admin"
Command line defined: "APP_DESCRIPTION=AlloFlow Admin Center ∩┐╜ manage local AI stack across buildings"
Command line defined: "VERSION=0.2.0"
Command line defined: "PROJECT_DIR=C:\Users\Tyler\AlloFlow\admin"
Command line defined: "BUILD_RESOURCES_DIR=C:\Users\Tyler\AlloFlow\admin\assets"
Command line defined: "APP_PACKAGE_NAME=alloflow-admin"
Command line defined: "APP_64=C:\Users\Tyler\AlloFlow\admin\dist\alloflow-admin-0.2.0-x64.nsis.7z"
Command line defined: "APP_64_NAME=alloflow-admin-0.2.0-x64.nsis.7z"
Command line defined: "APP_64_HASH=41A077F9E211528D9875228A14067A31CB0F5527258358050AFB0A9EAD7B5B64F83C72F6A4AE2623774809C712726DA8747CF9985881CD8C868ED69FA7997DE6"
Command line defined: "APP_64_UNPACKED_SIZE=282399"
Command line defined: "COMPANY_NAME=AlloFlow Contributors"
Command line defined: "APP_INSTALLER_STORE_FILE=alloflow-admin-updater\installer.exe"
Command line defined: "COMPRESSION_METHOD=7z"
Command line defined: "MULTIUSER_INSTALLMODE_ALLOW_ELEVATION"
Command line defined: "INSTALL_MODE_PER_ALL_USERS"
Command line defined: "INSTALL_MODE_PER_ALL_USERS_REQUIRED"
Command line defined: "allowToChangeInstallationDirectory"
Command line defined: "MENU_FILENAME=AlloFlow Contributors"
Command line defined: "SHORTCUT_NAME=AlloFlow Admin"
Command line defined: "UNINSTALL_DISPLAY_NAME=AlloFlow Admin 0.2.0"
Command line defined: "DISPLAY_LANG_SELECTOR"
Command line defined: "MUI_WELCOMEFINISHPAGE_BITMAP=${NSISDIR}\Contrib\Graphics\Wizard\nsis3-metro.bmp"
Command line defined: "MUI_UNWELCOMEFINISHPAGE_BITMAP=${NSISDIR}\Contrib\Graphics\Wizard\nsis3-metro.bmp"
Command line defined: "ESTIMATED_SIZE=282399"
Command line defined: "COMPRESS=auto"
Command line defined: "BUILD_UNINSTALLER"
Command line defined: "UNINSTALLER_OUT_FILE=C:\Users\Tyler\AlloFlow\admin\dist\__uninstaller-nsis-alloflow-admin.exe"
Processing config: C:\Users\Tyler\AppData\Local\electron-builder\Cache\nsis\nsis-3.0.4.1\nsisconf.nsh
Processing script file: "<stdin>" (UTF8)
                                                                                                                                                                                                                                                                                                                                                                                                                                                                                                                                                                                                                                                                                                                                                                                                                                                                                                                                                                                                                                                                                                                                                                                                                                                                                                                                                                                                                                                                                                                                                                                                                                                                                                                                                                                                                                                                                                                                                                                                                                                                                                                                                                                                                                                                                                                                                                                                                                                                                                                                                                                                                                                                                                                                                                                                                                                Error output:
Invalid command: "${If}"
!include: error in script: "C:\Users\Tyler\AlloFlow\admin\assets\installer.nsh" on line 11
Error in script "<stdin>" on line 75 -- aborting creation process
                                                                                                                                                                                                                                                                                                                                                                                                                                                                                                                                                                                                                                                                                                                                                                                                                                                                                                                                                                                                                                                                                                                                                                                                                                                                                                                                                                                                                                                                                                                                                                                                                                                                                                                                                                                                                                                                                                                                                                                                                                                                                                                                                                                                                                                                                                                                                                                                                                                                                                                                                                                                                                                                                                                                                                                                                                                    at ChildProcess.<anonymous> (C:\Users\Tyler\AlloFlow\admin\node_modules\builder-util\src\util.ts:252:14)
    at Object.onceWrapper (node:events:623:12)
    at ChildProcess.emit (node:events:508:20)
    at ChildProcess.cp.emit (C:\Users\Tyler\AlloFlow\admin\node_modules\cross-spawn\lib\enoent.js:34:29)
    at maybeClose (node:internal/child_process:1108:16)
    at Process.ChildProcess._handle.onexit (node:internal/child_process:305:5)
Build/packaging failed
